2025-12-17 21:10:50 error: API Error [500] at Unknown URL: fetch failed 
2025-12-17 23:14:49 error: API Error [500] at http://localhost:3001/writing/evaluator/essay: 503 UNAVAILABLE. {'error': {'code': 503, 'message': 'The model is overloaded. Please try again later.', 'status': 'UNAVAILABLE'}} 
2025-12-18 01:59:23 error: API Error [404] at http://localhost:3000/api/questions/2025/3/53: 문제를 찾을 수 없습니다. 
2025-12-18 01:59:23 error: API Error [404] at http://localhost:3000/api/questions/2025/3/52: 문제를 찾을 수 없습니다. 
2025-12-18 01:59:23 error: API Error [404] at http://localhost:3000/api/questions/2025/3/51: 문제를 찾을 수 없습니다. 
2025-12-18 01:59:24 error: API Error [404] at http://localhost:3000/api/questions/2025/3/53: 문제를 찾을 수 없습니다. 
2025-12-18 01:59:26 error: API Error [404] at http://localhost:3000/api/questions/2025/3/51: 문제를 찾을 수 없습니다. 
2025-12-18 01:59:41 error: API Error [404] at http://localhost:3000/api/questions/2025/3/53: 문제를 찾을 수 없습니다. 
2025-12-18 02:06:52 error: API Error [404] at http://localhost:3000/api/questions/2025/3/53: 문제를 찾을 수 없습니다. 
2025-12-18 11:34:01 error: API Error [500] at Unknown URL: fetch failed 
2025-12-18 11:34:10 error: API Error [500] at Unknown URL: fetch failed 
2025-12-18 11:34:17 error: API Error [500] at Unknown URL: fetch failed 
2025-12-18 11:34:40 error: API Error [500] at Unknown URL: fetch failed 
2025-12-18 11:34:43 error: API Error [500] at Unknown URL: fetch failed 
2025-12-18 11:34:58 error: API Error [500] at Unknown URL: fetch failed 
2025-12-18 11:35:01 error: API Error [500] at Unknown URL: fetch failed 
2025-12-18 13:40:17 error: API Error [500] at http://localhost:3001/writing/evaluator/essay: Request failed with status code 500 Internal Server Error: POST http://localhost:3001/writing/evaluator/essay 
2025-12-18 14:14:56 error: API Error [500] at Unknown URL: fetch failed 
2025-12-18 15:52:37 error: API Error [500] at http://localhost:3001/writing/evaluator/essay: Request failed with status code 500 Internal Server Error: POST http://localhost:3001/writing/evaluator/essay 
2025-12-19 11:24:08 error: API Error [500] at Unknown URL: fetch failed 
2025-12-19 11:24:08 error: API Error [500] at Unknown URL: fetch failed 
2025-12-19 11:33:54 error: API Error [500] at http://localhost:3001/writing/evaluator/essay: 400 INVALID_ARGUMENT. {'error': {'code': 400, 'message': 'Cannot fetch content from the provided URL.', 'status': 'INVALID_ARGUMENT'}} 
2025-12-19 11:34:04 error: API Error [500] at http://localhost:3001/writing/evaluator/essay: 400 INVALID_ARGUMENT. {'error': {'code': 400, 'message': 'Cannot fetch content from the provided URL.', 'status': 'INVALID_ARGUMENT'}} 
2025-12-19 11:38:36 error: API Error [500] at http://localhost:3001/writing/evaluator/essay: 400 INVALID_ARGUMENT. {'error': {'code': 400, 'message': 'Cannot fetch content from the provided URL.', 'status': 'INVALID_ARGUMENT'}} 
2025-12-19 13:04:43 error: API Error [500] at http://localhost:3001/writing/evaluator/essay: 400 INVALID_ARGUMENT. {'error': {'code': 400, 'message': 'Cannot fetch content from the provided URL.', 'status': 'INVALID_ARGUMENT'}} 
2025-12-19 13:05:04 error: API Error [500] at http://localhost:3001/writing/evaluator/essay: 400 INVALID_ARGUMENT. {'error': {'code': 400, 'message': 'Cannot fetch content from the provided URL.', 'status': 'INVALID_ARGUMENT'}} 
2025-12-19 16:45:28 error: API Error [500] at http://localhost:3001/writing/evaluator/essay: Request timed out: POST http://localhost:3001/writing/evaluator/essay 
2025-12-19 16:45:51 error: API Error [500] at http://localhost:3001/writing/evaluator/essay: Request timed out: POST http://localhost:3001/writing/evaluator/essay 
2025-12-19 16:46:10 error: API Error [500] at http://localhost:3001/writing/evaluator/essay: Request timed out: POST http://localhost:3001/writing/evaluator/essay 
2025-12-19 16:47:24 error: API Error [500] at http://localhost:3001/writing/evaluator/essay: Request timed out: POST http://localhost:3001/writing/evaluator/essay 
2025-12-19 17:12:36 error: API Error [500] at http://localhost:3001/writing/corrector: Request timed out: POST http://localhost:3001/writing/corrector 
2025-12-19 17:19:39 error: API Error [500] at http://localhost:3001/writing/corrector: Request timed out: POST http://localhost:3001/writing/corrector 
2025-12-19 18:18:08 error: API Error [500] at http://localhost:3001/writing/evaluator/essay: Request failed with status code 500 Internal Server Error: POST http://localhost:3001/writing/evaluator/essay 
2025-12-19 18:22:05 error: API Error [500] at http://localhost:3001/writing/corrector: Request timed out: POST http://localhost:3001/writing/corrector 
2025-12-22 15:41:17 error: API Error [500] at http://localhost:3001/writing/corrector: module 'config.prompt_keys' has no attribute 'CORRECTOR_CONTEXT_RUBRIC_PROMPT' 
2025-12-22 15:50:44 error: API Error [500] at http://localhost:3001/writing/corrector: local variable 'image_urls' referenced before assignment 
2025-12-22 17:20:44 error: API Error [500] at Unknown URL: fetch failed 
2025-12-22 17:20:44 error: API Error [500] at Unknown URL: fetch failed 
2025-12-22 17:20:49 error: API Error [500] at Unknown URL: fetch failed 
2025-12-22 17:20:53 error: API Error [500] at http://localhost:3001/writing/evaluator/essay: 'str' object has no attribute 'append' 
2025-12-22 17:20:55 error: API Error [500] at http://localhost:3001/writing/evaluator/essay: 'str' object has no attribute 'append' 
2025-12-23 13:09:45 error: API Error [500] at http://localhost:3001/writing/evaluator/essay: Request failed with status code 500 Internal Server Error: POST http://localhost:3001/writing/evaluator/essay 
2025-12-23 13:13:31 error: API Error [500] at http://localhost:3001/writing/evaluator/essay: Request failed with status code 500 Internal Server Error: POST http://localhost:3001/writing/evaluator/essay 
2025-12-23 14:02:23 error: API Error [500] at Unknown URL: fetch failed 
2025-12-23 14:02:23 error: API Error [500] at Unknown URL: fetch failed 
2025-12-23 14:03:06 error: API Error [500] at http://localhost:3001/writing/evaluator/essay: 'InMemorySessionService' object has no attribute 'destroy_session' 
2025-12-23 14:14:05 error: API Error [500] at Unknown URL: fetch failed 
2025-12-23 14:27:46 error: API Error [500] at http://localhost:3001/writing/corrector: 'question' 
2025-12-23 15:01:35 error: API Error [500] at Unknown URL: fetch failed 
2025-12-23 15:24:00 error: API Error [500] at http://localhost:3001/writing/evaluator/essay: Request timed out: POST http://localhost:3001/writing/evaluator/essay 
